Mon Oct 17 08:52:59 2022 [4628][1][SECURITY] Setting logger_file_name to ''.
Mon Oct 17 08:52:59 2022 [4628][1][SECURITY] Invalid ext  logger_file_ext : ''.
Mon Oct 17 08:52:59 2022 [4628][1][SECURITY] Setting logger_file_ext to ''.
Mon Oct 17 08:52:59 2022 [4628][1][SECURITY] Log file extension can't be blank.
Mon Oct 17 08:52:59 2022 [4628][1][SECURITY] Log file extension can't be blank.
Mon Oct 17 08:52:59 2022 [4628][1][SECURITY] Setting logger_file_name to ''.
Mon Oct 17 08:52:59 2022 [4628][1][SECURITY] Invalid ext  logger_file_ext : ''.
Mon Oct 17 08:52:59 2022 [4628][1][SECURITY] Setting logger_file_ext to ''.
Mon Oct 17 08:52:59 2022 [4628][1][SECURITY] Log file extension can't be blank.
Mon Oct 17 08:52:59 2022 [4628][1][SECURITY] Log file extension can't be blank.
Mon Oct 17 09:13:51 2022 [4628][1][FATAL] A user (1) attempted to use an invalid file for the logo - upload://tmp_logo_company_upload/Official_JAMB_logo_%282%29_%281%29.png
Mon Oct 17 09:20:05 2022 [4628][1][FATAL] A user (1) attempted to use an invalid file for the logo - upload://tmp_logo_company_upload/Official_JAMB_logo_%282%29_%281%29.png
Mon Oct 17 09:22:02 2022 [4628][1][FATAL] A user (1) attempted to use an invalid file for the logo - upload://tmp_logo_company_upload/Official_JAMB_logo_%282%29_%281%29_%281%29.png
Mon Oct 17 09:23:32 2022 [4628][1][FATAL] A user (1) attempted to use an invalid file for the logo - upload://tmp_logo_company_upload/Official_JAMB_logo_%282%29_%281%29_%281%29.jpg
Mon Oct 17 15:48:04 2022 [14780][1][FATAL] Class Connectors does not exist, unable to rename.
Mon Oct 17 15:48:05 2022 [14780][1][FATAL] Class Version does not exist, unable to rename.
Mon Oct 17 15:48:05 2022 [14780][1][FATAL] Class CustomFields does not exist, unable to rename.
Mon Oct 17 15:59:45 2022 [14780][1][FATAL] OutfittersLicense::doValidate() failed: Array
(
    [success] => 
    [result] => Key could not be found locally. Please go to the license configuration tool and enter your key.
)

Mon Oct 17 15:59:45 2022 [14780][1][FATAL] OutfittersLicense::doValidate() failed: Array
(
    [success] => 
    [result] => Key could not be found locally. Please go to the license configuration tool and enter your key.
)

Wed Oct 19 10:25:45 2022 [14780][1][FATAL] log call at: modules/EmailMan/tpls/config.tpl:465 - styleChecked is not set
Wed Oct 19 10:56:03 2022 [14780][1][FATAL] SugarPHPMailer encountered an error: SMTP Error: The following recipients failed: nikyuior@interranetworks.com: This server requires you to send from an IP address specified by the SPF for interranetworks.com.

Wed Oct 19 10:56:03 2022 [14780][1][FATAL] SugarPHPMailer encountered an error: SMTP Error: The following recipients failed: nikyuior@interranetworks.com: This server requires you to send from an IP address specified by the SPF for interranetworks.com.

Wed Oct 19 10:56:46 2022 [14780][1][FATAL] SugarPHPMailer encountered an error: SMTP Error: The following recipients failed: nikyuior@interranetworks.com: This server requires you to send from an IP address specified by the SPF for example.com.

Wed Oct 19 10:56:46 2022 [14780][1][FATAL] SugarPHPMailer encountered an error: SMTP Error: The following recipients failed: nikyuior@interranetworks.com: This server requires you to send from an IP address specified by the SPF for example.com.

Wed Oct 19 11:51:17 2022 [14780][1][FATAL] SugarPHPMailer encountered an error: SMTP Error: Could not authenticate.
Wed Oct 19 11:51:17 2022 [14780][1][FATAL] SugarPHPMailer encountered an error: SMTP Error: Could not authenticate.
Wed Oct 19 11:51:28 2022 [14780][1][FATAL] SugarPHPMailer encountered an error: SMTP Error: Could not authenticate.
Wed Oct 19 11:51:28 2022 [14780][1][FATAL] SugarPHPMailer encountered an error: SMTP Error: Could not authenticate.
Wed Oct 19 11:55:30 2022 [14780][1][FATAL] SugarPHPMailer encountered an error: SMTP Error: Could not authenticate.
Wed Oct 19 11:55:30 2022 [14780][1][FATAL] SugarPHPMailer encountered an error: SMTP Error: Could not authenticate.
Wed Oct 19 11:55:43 2022 [14780][1][FATAL] SugarPHPMailer encountered an error: SMTP Error: Could not authenticate.
Wed Oct 19 11:55:43 2022 [14780][1][FATAL] SugarPHPMailer encountered an error: SMTP Error: Could not authenticate.
Wed Oct 19 11:55:54 2022 [14780][1][FATAL] SugarPHPMailer encountered an error: SMTP Error: Could not authenticate.
Wed Oct 19 11:55:54 2022 [14780][1][FATAL] SugarPHPMailer encountered an error: SMTP Error: Could not authenticate.
Wed Oct 19 11:56:05 2022 [14780][1][FATAL] SugarPHPMailer encountered an error: SMTP Error: Could not authenticate.
Wed Oct 19 11:56:05 2022 [14780][1][FATAL] SugarPHPMailer encountered an error: SMTP Error: Could not authenticate.
Wed Oct 19 11:56:36 2022 [14780][1][FATAL] SugarPHPMailer encountered an error: SMTP Error: Could not authenticate.
Wed Oct 19 11:56:36 2022 [14780][1][FATAL] SugarPHPMailer encountered an error: SMTP Error: Could not authenticate.
Wed Oct 19 11:57:18 2022 [14780][1][FATAL] SugarPHPMailer encountered an error: SMTP Error: Could not authenticate.
Wed Oct 19 11:57:18 2022 [14780][1][FATAL] SugarPHPMailer encountered an error: SMTP Error: Could not authenticate.
Wed Oct 19 11:57:36 2022 [14780][1][FATAL] SugarPHPMailer encountered an error: SMTP Error: Could not authenticate.
Wed Oct 19 11:57:36 2022 [14780][1][FATAL] SugarPHPMailer encountered an error: SMTP Error: Could not authenticate.
Thu Oct 20 13:18:02 2022 [14780][1][FATAL] IP Address mismatch: SESSION IP: ::1 CLIENT IP: 127.0.0.1
Fri Oct 21 12:54:38 2022 [14780][1][FATAL] Mysqli_query failed.
Fri Oct 21 12:54:38 2022 [14780][1][FATAL]  Query Failed: INSERT INTO schedulers
                        (id, deleted, date_entered, date_modified, created_by, modified_user_id, name, job, date_time_start, date_time_end, job_interval, time_from, time_to, last_run, status, catch_up)
                        VALUES ('1d378ab8-378c-0ae3-d06a-557054caacb1', 0, '2015-06-03 12:12:22', '2015-06-04 13:01:32', '1', '1', 'SendReports', 'function::SendReports_Job', '2005-01-01 13:15:00', NULL, '*/1::*::*::*::*', NULL, NULL, '2015-06-03 13:59:00', 'Inactive', 1): MySQL error 1062: Duplicate entry '1d378ab8-378c-0ae3-d06a-557054caacb1' for key 'schedulers.PRIMARY'
Fri Oct 21 12:54:38 2022 [14780][1][FATAL] MySQL error 1062: Duplicate entry '1d378ab8-378c-0ae3-d06a-557054caacb1' for key 'schedulers.PRIMARY'
Fri Oct 21 14:19:01 2022 [14780][1][FATAL] log call at: modules/EmailMan/tpls/config.tpl:465 - styleChecked is not set
Fri Oct 21 15:22:37 2022 [14780][1][FATAL] A user (1) attempted to use an invalid file for the logo - upload://tmp_logo_company_upload/9711b6bbb5c6abd17926e0ad9a104496_%281%29.png
Sat Oct 22 06:50:39 2022 [9260][1][FATAL] Invalid Argument: requested argument missing: "Accounts_email_widget_id"
Sat Oct 22 06:50:39 2022 [9260][1][FATAL] Invalid Argument: requested argument missing: "emailAddressWidget"
